f:\downloads\devware injector\devware injector\x64\release\vc142.pdb
f:\downloads\devware injector\devware injector\x64\release\tool_utilities.obj
f:\downloads\devware injector\devware injector\x64\release\utils.obj
f:\downloads\devware injector\devware injector\x64\release\service.obj
f:\downloads\devware injector\devware injector\x64\release\portable_executable.obj
f:\downloads\devware injector\devware injector\x64\release\kdmapper.obj
f:\downloads\devware injector\devware injector\x64\release\intel_driver.obj
f:\downloads\devware injector\devware injector\x64\release\exports.obj
f:\downloads\devware injector\devware injector\x64\release\xor.obj
f:\downloads\devware injector\devware injector\x64\release\servcontrol.obj
f:\downloads\devware injector\devware injector\x64\release\rand.obj
f:\downloads\devware injector\devware injector\x64\release\proc.obj
f:\downloads\devware injector\devware injector\x64\release\mmap.obj
f:\downloads\devware injector\devware injector\x64\release\mem.obj
f:\downloads\devware injector\devware injector\x64\release\injectormain.obj
f:\downloads\devware injector\devware injector\x64\release\api_hook.obj
f:\downloads\devware injector\devware injector\x64\release\devwareinjector.exe
f:\downloads\devware injector\devware injector\x64\release\devware injector.tlog\cl.command.1.tlog
f:\downloads\devware injector\devware injector\x64\release\devware injector.tlog\cl.read.1.tlog
f:\downloads\devware injector\devware injector\x64\release\devware injector.tlog\cl.write.1.tlog
f:\downloads\devware injector\devware injector\x64\release\devware injector.tlog\link.command.1.tlog
f:\downloads\devware injector\devware injector\x64\release\devware injector.tlog\link.read.1.tlog
f:\downloads\devware injector\devware injector\x64\release\devware injector.tlog\link.write.1.tlog
